<?xml version="1.0" encoding="UTF-8"?>
<testng-results ignored="0" total="1" passed="1" failed="0" skipped="0">
  <reporter-output>
  </reporter-output>
  <suite started-at="2020-06-23T16:30:01 IST" name="Suite" finished-at="2020-06-23T16:30:06 IST" duration-ms="5508">
    <groups>
    </groups>
    <test started-at="2020-06-23T16:30:01 IST" name="TestIniaPro" finished-at="2020-06-23T16:30:06 IST" duration-ms="5508">
      <class name="test.NewTest">
        <test-method is-config="true" signature="beforeClass()[pri:0, instance:test.NewTest@3ecd23d9]" started-at="2020-06-23T16:30:01 IST" name="beforeClass" finished-at="2020-06-23T16:30:05 IST" duration-ms="4242" status="PASS">
          <reporter-output>
          </reporter-output>
        </test-method> <!-- beforeClass -->
        <test-method signature="openMyBlog()[pri:0, instance:test.NewTest@3ecd23d9]" started-at="2020-06-23T16:30:05 IST" name="openMyBlog" finished-at="2020-06-23T16:30:06 IST" duration-ms="553" status="PASS">
          <reporter-output>
          </reporter-output>
        </test-method> <!-- openMyBlog -->
        <test-method is-config="true" signature="afterClass()[pri:0, instance:test.NewTest@3ecd23d9]" started-at="2020-06-23T16:30:06 IST" name="afterClass" finished-at="2020-06-23T16:30:06 IST" duration-ms="670" status="PASS">
          <reporter-output>
          </reporter-output>
        </test-method> <!-- afterClass -->
      </class> <!-- test.NewTest -->
    </test> <!-- TestIniaPro -->
  </suite> <!-- Suite -->
</testng-results>
